1

                                             * * * * * * * * *  L H S  * * * * * * * * *

                                             LATIN HYPERCUBE AND RANDOM SAMPLING PROGRAM

                                             * * * * * * * * * * * * * * * * * * * * * *


    Run on  7/12/21 at  8:56:54.06 with LHS Version: 2.30 Release 1, Compiled May 31, 2001        


0    Pecos::LHSDriver

    Random Seed =           1

    Number of Variables =  10

    Number of Observations =    3
0   The sample was written to the file: LHS_samples.out
0   Input was read from the file: 
0   The sample input vectors will be printed along with their corresponding ranks.
0   Histograms of the actual sample will be plotted for each input variable.
0   The correlation matrices (raw data and rank correlations) will be printed.
1

    Pecos::LHSDriver                                                                                                             

    VARIABLE  DISTRIBUTION          RANGE            LABEL
0       1        UNIFORM    0.990     TO   1.01                                                        
0       2        UNIFORM    0.990     TO   1.01                                                        
0       3        UNIFORM    0.990     TO   1.01                                                        
0       4        UNIFORM    0.990     TO   1.01                                                        
0       5        UNIFORM    0.990     TO   1.01                                                        
0       6        UNIFORM    0.990     TO   1.01                                                        
0       7        UNIFORM    0.990     TO   1.01                                                        
0       8        UNIFORM    0.990     TO   1.01                                                        
0       9        UNIFORM    0.990     TO   1.01                                                        
0      10        UNIFORM    0.990     TO   1.01                                                        
1Pecos::LHSDriver                                                                                                             
0LATIN HYPERCUBE SAMPLE INPUT VECTORS

 RUN NO. X(1)      X(2)      X(3)      X(4)      X(5)      X(6)      X(7)      X(8)      X(9)     X(10)
0    1 0.993      1.00      1.00     0.992     0.999     0.999      1.00      1.01      1.01      1.01    
0    2  1.00     0.996      1.00      1.01      1.01      1.01      1.01     0.992     0.991     0.992    
0    3  1.01     0.997     0.992     0.997     0.991     0.994     0.994      1.00      1.00     0.997    
1Pecos::LHSDriver                                                                                                             
0RANKS OF LATIN HYPERCUBE SAMPLE INPUT VECTORS

 RUN NO.    X(1)      X(2)      X(3)      X(4)      X(5)      X(6)      X(7)      X(8)      X(9)     X(10)
0    1        1.        3.        2.        1.        2.        2.        2.        3.        3.        3.
0    2        2.        1.        3.        3.        3.        3.        3.        1.        1.        1.
0    3        3.        2.        1.        2.        1.        1.        1.        2.        2.        2.
1   Pecos::LHSDriver                                                                                                             
0  HISTOGRAM FOR VARIABLE NO.  1     UNIFORM DISTRIBUTION

     Midpoint          Freq.

   9.9291498E-01         1    X
   9.9368498E-01         0
   9.9445498E-01         0
   9.9522498E-01         0
   9.9599498E-01         0
   9.9676498E-01         0
   9.9753498E-01         0
   9.9830498E-01         0
   9.9907498E-01         0
   9.9984498E-01         0
   1.0006150E+00         0
   1.0013850E+00         0
   1.0021550E+00         0
   1.0029250E+00         0
   1.0036950E+00         1    X
   1.0044650E+00         0
   1.0052350E+00         0
   1.0060050E+00         0
   1.0067750E+00         0
   1.0075450E+00         0
   1.0083150E+00         1    X
0                        3


      Min            Max           Range           Mean          Median        Variance

   9.9278015E-01  1.0081355E+00  1.5355350E-02  1.0014101E+00  1.0033146E+00  4.1111347E-05

1   Pecos::LHSDriver                                                                                                             
0  HISTOGRAM FOR VARIABLE NO.  2     UNIFORM DISTRIBUTION

     Midpoint          Freq.

   9.9619998E-01         1    X
   9.9659998E-01         1    X
   9.9699998E-01         0
   9.9739998E-01         0
   9.9779998E-01         0
   9.9819998E-01         0
   9.9859998E-01         0
   9.9899998E-01         0
   9.9939998E-01         0
   9.9979998E-01         0
   1.0002000E+00         0
   1.0006000E+00         0
   1.0010000E+00         0
   1.0014000E+00         0
   1.0018000E+00         0
   1.0022000E+00         0
   1.0026000E+00         0
   1.0030000E+00         0
   1.0034000E+00         0
   1.0038000E+00         0
   1.0042000E+00         1    X
0                        3


      Min            Max           Range           Mean          Median        Variance

   9.9621705E-01  1.0041875E+00  7.9704472E-03  9.9902399E-01  9.9666743E-01  1.3364698E-05

1   Pecos::LHSDriver                                                                                                             
0  HISTOGRAM FOR VARIABLE NO.  3     UNIFORM DISTRIBUTION

     Midpoint          Freq.

   9.9216498E-01         1    X
   9.9277498E-01         0
   9.9338498E-01         0
   9.9399498E-01         0
   9.9460498E-01         0
   9.9521498E-01         0
   9.9582498E-01         0
   9.9643498E-01         0
   9.9704498E-01         0
   9.9765498E-01         0
   9.9826498E-01         0
   9.9887498E-01         0
   9.9948498E-01         0
   1.0000950E+00         0
   1.0007050E+00         0
   1.0013150E+00         0
   1.0019250E+00         0
   1.0025350E+00         0
   1.0031450E+00         1    X
   1.0037550E+00         0
   1.0043650E+00         1    X
0                        3


      Min            Max           Range           Mean          Median        Variance

   9.9201555E-01  1.0043117E+00  1.2296155E-02  9.9988473E-01  1.0033269E+00  3.1123630E-05

1   Pecos::LHSDriver                                                                                                             
0  HISTOGRAM FOR VARIABLE NO.  4     UNIFORM DISTRIBUTION

     Midpoint          Freq.

   9.9179998E-01         1    X
   9.9251998E-01         0
   9.9323998E-01         0
   9.9395998E-01         0
   9.9467998E-01         0
   9.9539998E-01         0
   9.9611998E-01         0
   9.9683998E-01         0
   9.9755998E-01         1    X
   9.9827998E-01         0
   9.9899998E-01         0
   9.9971998E-01         0
   1.0004400E+00         0
   1.0011600E+00         0
   1.0018800E+00         0
   1.0026000E+00         0
   1.0033200E+00         0
   1.0040400E+00         0
   1.0047600E+00         0
   1.0054800E+00         0
   1.0062000E+00         1    X
0                        3


      Min            Max           Range           Mean          Median        Variance

   9.9157393E-01  1.0059772E+00  1.4403278E-02  9.9827780E-01  9.9728226E-01  3.5071287E-05

1   Pecos::LHSDriver                                                                                                             
0  HISTOGRAM FOR VARIABLE NO.  5     UNIFORM DISTRIBUTION

     Midpoint          Freq.

   9.9107998E-01         1    X
   9.9179998E-01         0
   9.9251998E-01         0
   9.9323998E-01         0
   9.9395998E-01         0
   9.9467998E-01         0
   9.9539998E-01         0
   9.9611998E-01         0
   9.9683998E-01         0
   9.9755998E-01         0
   9.9827998E-01         0
   9.9899998E-01         1    X
   9.9971998E-01         0
   1.0004400E+00         0
   1.0011600E+00         0
   1.0018800E+00         0
   1.0026000E+00         0
   1.0033200E+00         0
   1.0040400E+00         0
   1.0047600E+00         0
   1.0054800E+00         1    X
0                        3


      Min            Max           Range           Mean          Median        Variance

   9.9124173E-01  1.0056371E+00  1.4395337E-02  9.9871051E-01  9.9925274E-01  3.4684623E-05

1   Pecos::LHSDriver                                                                                                             
0  HISTOGRAM FOR VARIABLE NO.  6     UNIFORM DISTRIBUTION

     Midpoint          Freq.

   9.9445998E-01         1    X
   9.9521998E-01         0
   9.9597998E-01         0
   9.9673998E-01         0
   9.9749998E-01         0
   9.9825998E-01         0
   9.9901998E-01         1    X
   9.9977998E-01         0
   1.0005400E+00         0
   1.0013000E+00         0
   1.0020600E+00         0
   1.0028200E+00         0
   1.0035800E+00         0
   1.0043400E+00         0
   1.0051000E+00         0
   1.0058600E+00         0
   1.0066200E+00         0
   1.0073800E+00         0
   1.0081400E+00         0
   1.0089000E+00         0
   1.0096600E+00         1    X
0                        3


      Min            Max           Range           Mean          Median        Variance

   9.9446497E-01  1.0095703E+00  1.5105287E-02  1.0011157E+00  9.9931178E-01  3.9655290E-05

1   Pecos::LHSDriver                                                                                                             
0  HISTOGRAM FOR VARIABLE NO.  7     UNIFORM DISTRIBUTION

     Midpoint          Freq.

   9.9382498E-01         1    X
   9.9445498E-01         0
   9.9508498E-01         0
   9.9571498E-01         0
   9.9634498E-01         0
   9.9697498E-01         0
   9.9760498E-01         0
   9.9823498E-01         0
   9.9886498E-01         0
   9.9949498E-01         0
   1.0001250E+00         0
   1.0007550E+00         0
   1.0013850E+00         0
   1.0020150E+00         1    X
   1.0026450E+00         0
   1.0032750E+00         0
   1.0039050E+00         0
   1.0045350E+00         0
   1.0051650E+00         0
   1.0057950E+00         0
   1.0064250E+00         1    X
0                        3


      Min            Max           Range           Mean          Median        Variance

   9.9359211E-01  1.0061280E+00  1.2535852E-02  1.0006763E+00  1.0023087E+00  2.7523740E-05

1   Pecos::LHSDriver                                                                                                             
0  HISTOGRAM FOR VARIABLE NO.  8     UNIFORM DISTRIBUTION

     Midpoint          Freq.

   9.9196998E-01         1    X
   9.9270998E-01         0
   9.9344998E-01         0
   9.9418998E-01         0
   9.9492998E-01         0
   9.9566998E-01         0
   9.9640998E-01         0
   9.9714998E-01         0
   9.9788998E-01         0
   9.9862998E-01         0
   9.9936998E-01         0
   1.0001100E+00         0
   1.0008500E+00         0
   1.0015900E+00         1    X
   1.0023300E+00         0
   1.0030700E+00         0
   1.0038100E+00         0
   1.0045500E+00         0
   1.0052900E+00         0
   1.0060300E+00         0
   1.0067700E+00         1    X
0                        3


      Min            Max           Range           Mean          Median        Variance

   9.9208849E-01  1.0068303E+00  1.4741831E-02  1.0000512E+00  1.0012348E+00  3.6920711E-05

1   Pecos::LHSDriver                                                                                                             
0  HISTOGRAM FOR VARIABLE NO.  9     UNIFORM DISTRIBUTION

     Midpoint          Freq.

   9.9101498E-01         1    X
   9.9190498E-01         0
   9.9279498E-01         0
   9.9368498E-01         0
   9.9457498E-01         0
   9.9546498E-01         0
   9.9635498E-01         0
   9.9724498E-01         0
   9.9813498E-01         0
   9.9902498E-01         0
   9.9991498E-01         1    X
   1.0008050E+00         0
   1.0016950E+00         0
   1.0025850E+00         0
   1.0034750E+00         0
   1.0043650E+00         0
   1.0052550E+00         0
   1.0061450E+00         0
   1.0070350E+00         0
   1.0079250E+00         0
   1.0088150E+00         1    X
0                        3


      Min            Max           Range           Mean          Median        Variance

   9.9136301E-01  1.0091874E+00  1.7824435E-02  1.0000578E+00  9.9962302E-01  5.3046274E-05

1   Pecos::LHSDriver                                                                                                             
0  HISTOGRAM FOR VARIABLE NO. 10     UNIFORM DISTRIBUTION

     Midpoint          Freq.

   9.9137498E-01         1    X
   9.9214498E-01         0
   9.9291498E-01         0
   9.9368498E-01         0
   9.9445498E-01         0
   9.9522498E-01         0
   9.9599498E-01         0
   9.9676498E-01         1    X
   9.9753498E-01         0
   9.9830498E-01         0
   9.9907498E-01         0
   9.9984498E-01         0
   1.0006150E+00         0
   1.0013850E+00         0
   1.0021550E+00         0
   1.0029250E+00         0
   1.0036950E+00         0
   1.0044650E+00         0
   1.0052350E+00         0
   1.0060050E+00         0
   1.0067750E+00         1    X
0                        3


      Min            Max           Range           Mean          Median        Variance

   9.9153051E-01  1.0068961E+00  1.5365578E-02  9.9842529E-01  9.9684925E-01  4.0592108E-05

1Pecos::LHSDriver                                                                                                             
0CORRELATIONS AMONG INPUT VARIABLES CREATED BY THE LATIN HYPERCUBE SAMPLE FOR RAW DATA                              PAGE   1
0    1  1.0000
0    2 -0.9351  1.0000
0    3 -0.6914  0.3905  1.0000
0    4  0.5778 -0.8296  0.1901  1.0000
0    5 -0.3683  0.0148  0.9263  0.5460  1.0000
0    6 -0.1078 -0.2516  0.7928  0.7491  0.9640  1.0000
0    7 -0.5088  0.1707  0.9738  0.4086  0.9877  0.9107  1.0000
0    8 -0.5622  0.8188 -0.2088 -0.9998 -0.5619 -0.7616 -0.4259  1.0000
0    9 -0.7015  0.9085 -0.0299 -0.9870 -0.4043 -0.6329 -0.2566  0.9838  1.0000
0   10 -0.7901  0.9561  0.1035 -0.9568 -0.2789 -0.5242 -0.1256  0.9511  0.9911  1.0000
0            1       2       3       4       5       6       7       8       9      10
0VARIABLES
1Pecos::LHSDriver                                                                                                             
0CORRELATIONS AMONG INPUT VARIABLES CREATED BY THE LATIN HYPERCUBE SAMPLE FOR RANK DATA                              PAGE   1
0    1  1.0000
0    2 -0.5000  1.0000
0    3 -0.5000 -0.5000  1.0000
0    4  0.5000 -1.0000  0.5000  1.0000
0    5 -0.5000 -0.5000  1.0000  0.5000  1.0000
0    6 -0.5000 -0.5000  1.0000  0.5000  1.0000  1.0000
0    7 -0.5000 -0.5000  1.0000  0.5000  1.0000  1.0000  1.0000
0    8 -0.5000  1.0000 -0.5000 -1.0000 -0.5000 -0.5000 -0.5000  1.0000
0    9 -0.5000  1.0000 -0.5000 -1.0000 -0.5000 -0.5000 -0.5000  1.0000  1.0000
0   10 -0.5000  1.0000 -0.5000 -1.0000 -0.5000 -0.5000 -0.5000  1.0000  1.0000  1.0000
0            1       2       3       4       5       6       7       8       9      10
0VARIABLES
